<?xml version="1.0" encoding="UTF-8"?>
<coverage generated="1653240363605" clover="3.2.0">
  <project timestamp="1653240363605" name="All files">
    <metrics statements="34" coveredstatements="6" conditionals="16" coveredconditionals="0" methods="10" coveredmethods="2" elements="60" coveredelements="8" complexity="0" loc="34" ncloc="34" packages="1" files="3" classes="3"/>
    <file name="formaters.js" path="/Users/igor_s/Documents/projects/frontend-project-lvl2/src/formaters.js">
      <metrics statements="13" coveredstatements="0" conditionals="13" coveredconditionals="0" methods="3" coveredmethods="0"/>
      <line num="2" count="0" type="stmt"/>
      <line num="9" count="0" type="stmt"/>
      <line num="10" count="0" type="stmt"/>
      <line num="12" count="0" type="cond" truecount="0" falsecount="4"/>
      <line num="13" count="0" type="cond" truecount="0" falsecount="2"/>
      <line num="14" count="0" type="stmt"/>
      <line num="17" count="0" type="stmt"/>
      <line num="21" count="0" type="cond" truecount="0" falsecount="4"/>
      <line num="22" count="0" type="stmt"/>
      <line num="25" count="0" type="stmt"/>
      <line num="30" count="0" type="cond" truecount="0" falsecount="2"/>
      <line num="32" count="0" type="stmt"/>
      <line num="34" count="0" type="stmt"/>
    </file>
    <file name="main.js" path="/Users/igor_s/Documents/projects/frontend-project-lvl2/src/main.js">
      <metrics statements="19" coveredstatements="6" conditionals="3" coveredconditionals="0" methods="5" coveredmethods="2"/>
      <line num="9" count="0" type="stmt"/>
      <line num="10" count="0" type="stmt"/>
      <line num="11" count="0" type="stmt"/>
      <line num="12" count="0" type="stmt"/>
      <line num="13" count="0" type="stmt"/>
      <line num="15" count="0" type="cond" truecount="0" falsecount="3"/>
      <line num="17" count="0" type="stmt"/>
      <line num="19" count="0" type="stmt"/>
      <line num="21" count="0" type="stmt"/>
      <line num="25" count="0" type="stmt"/>
      <line num="29" count="4" type="stmt"/>
      <line num="31" count="4" type="stmt"/>
      <line num="32" count="4" type="stmt"/>
      <line num="33" count="4" type="stmt"/>
      <line num="34" count="4" type="stmt"/>
      <line num="36" count="4" type="stmt"/>
      <line num="50" count="0" type="stmt"/>
      <line num="51" count="0" type="stmt"/>
      <line num="53" count="0" type="stmt"/>
    </file>
    <file name="parsers.js" path="/Users/igor_s/Documents/projects/frontend-project-lvl2/src/parsers.js">
      <metrics statements="2" coveredstatements="0" conditionals="0" coveredconditionals="0" methods="2" coveredmethods="0"/>
      <line num="4" count="0" type="stmt"/>
      <line num="8" count="0" type="stmt"/>
    </file>
  </project>
</coverage>
