<?xml version="1.0" encoding="UTF-8"?>
<coverage generated="1657038354683" clover="3.2.0">
  <project timestamp="1657038354683" name="All files">
    <metrics statements="20" coveredstatements="19" conditionals="18" coveredconditionals="15" methods="3" coveredmethods="3" elements="41" coveredelements="37" complexity="0" loc="20" ncloc="20" packages="1" files="1" classes="1"/>
    <file name="treeBuilder.js" path="/Users/igor_s/Documents/projects/frontend-project-lvl2/src/treeBuilder.js">
      <metrics statements="20" coveredstatements="19" conditionals="18" coveredconditionals="15" methods="3" coveredmethods="3"/>
      <line num="4" count="4" type="stmt"/>
      <line num="6" count="4" type="stmt"/>
      <line num="7" count="4" type="stmt"/>
      <line num="8" count="4" type="stmt"/>
      <line num="10" count="4" type="stmt"/>
      <line num="11" count="4" type="stmt"/>
      <line num="13" count="4" type="stmt"/>
      <line num="14" count="4" type="cond" truecount="4" falsecount="0"/>
      <line num="15" count="1" type="stmt"/>
      <line num="21" count="3" type="cond" truecount="4" falsecount="0"/>
      <line num="22" count="1" type="stmt"/>
      <line num="28" count="2" type="cond" truecount="3" falsecount="1"/>
      <line num="29" count="2" type="stmt"/>
      <line num="31" count="2" type="cond" truecount="2" falsecount="0"/>
      <line num="32" count="1" type="stmt"/>
      <line num="38" count="1" type="cond" truecount="1" falsecount="1"/>
      <line num="40" count="1" type="cond" truecount="1" falsecount="1"/>
      <line num="41" count="0" type="stmt"/>
      <line num="48" count="1" type="stmt"/>
      <line num="55" count="4" type="stmt"/>
    </file>
  </project>
</coverage>
