{"/Users/igor_s/Documents/projects/frontend-project-lvl2/src/main.js": {"path":"/Users/igor_s/Documents/projects/frontend-project-lvl2/src/main.js","statementMap":{"0":{"start":{"line":8,"column":23},"end":{"line":19,"column":1}},"1":{"start":{"line":9,"column":21},"end":{"line":9,"column":34}},"2":{"start":{"line":10,"column":16},"end":{"line":16,"column":4}},"3":{"start":{"line":11,"column":21},"end":{"line":11,"column":55}},"4":{"start":{"line":12,"column":17},"end":{"line":12,"column":42}},"5":{"start":{"line":13,"column":26},"end":{"line":13,"column":48}},"6":{"start":{"line":15,"column":4},"end":{"line":15,"column":42}},"7":{"start":{"line":18,"column":2},"end":{"line":18,"column":15}},"8":{"start":{"line":21,"column":21},"end":{"line":26,"column":1}},"9":{"start":{"line":22,"column":34},"end":{"line":22,"column":70}},"10":{"start":{"line":23,"column":15},"end":{"line":23,"column":47}},"11":{"start":{"line":25,"column":2},"end":{"line":25,"column":47}}},"fnMap":{"0":{"name":"(anonymous_0)","decl":{"start":{"line":8,"column":23},"end":{"line":8,"column":24}},"loc":{"start":{"line":8,"column":49},"end":{"line":19,"column":1}},"line":8},"1":{"name":"(anonymous_1)","decl":{"start":{"line":10,"column":43},"end":{"line":10,"column":44}},"loc":{"start":{"line":10,"column":57},"end":{"line":16,"column":3}},"line":10},"2":{"name":"(anonymous_2)","decl":{"start":{"line":21,"column":21},"end":{"line":21,"column":22}},"loc":{"start":{"line":21,"column":55},"end":{"line":26,"column":1}},"line":21}},"branchMap":{"0":{"loc":{"start":{"line":25,"column":26},"end":{"line":25,"column":45}},"type":"binary-expr","locations":[{"start":{"line":25,"column":26},"end":{"line":25,"column":32}},{"start":{"line":25,"column":36},"end":{"line":25,"column":45}}],"line":25}},"s":{"0":1,"1":6,"2":6,"3":12,"4":12,"5":12,"6":12,"7":6,"8":1,"9":6,"10":6,"11":6},"f":{"0":6,"1":12,"2":6},"b":{"0":[6,0]},"_coverageSchema":"1a1c01bbd47fc00a2c39e90264f33305004495a9","hash":"a6fe1088673e43d5ce95884e660341d2610983d2"}
,"/Users/igor_s/Documents/projects/frontend-project-lvl2/src/parsers.js": {"path":"/Users/igor_s/Documents/projects/frontend-project-lvl2/src/parsers.js","statementMap":{"0":{"start":{"line":3,"column":18},"end":{"line":12,"column":1}},"1":{"start":{"line":4,"column":2},"end":{"line":11,"column":3}},"2":{"start":{"line":6,"column":6},"end":{"line":6,"column":30}},"3":{"start":{"line":8,"column":6},"end":{"line":8,"column":29}},"4":{"start":{"line":10,"column":6},"end":{"line":10,"column":63}}},"fnMap":{"0":{"name":"(anonymous_0)","decl":{"start":{"line":3,"column":18},"end":{"line":3,"column":19}},"loc":{"start":{"line":3,"column":39},"end":{"line":12,"column":1}},"line":3}},"branchMap":{"0":{"loc":{"start":{"line":4,"column":2},"end":{"line":11,"column":3}},"type":"switch","locations":[{"start":{"line":5,"column":4},"end":{"line":6,"column":30}},{"start":{"line":7,"column":4},"end":{"line":8,"column":29}},{"start":{"line":9,"column":4},"end":{"line":10,"column":63}}],"line":4}},"s":{"0":1,"1":12,"2":6,"3":6,"4":0},"f":{"0":12},"b":{"0":[6,6,0]},"_coverageSchema":"1a1c01bbd47fc00a2c39e90264f33305004495a9","hash":"a14e048ea35298228716b99c6f14ab0909c93f49"}
,"/Users/igor_s/Documents/projects/frontend-project-lvl2/src/treeBuilder.js": {"path":"/Users/igor_s/Documents/projects/frontend-project-lvl2/src/treeBuilder.js","statementMap":{"0":{"start":{"line":3,"column":18},"end":{"line":63,"column":1}},"1":{"start":{"line":4,"column":18},"end":{"line":4,"column":86}},"2":{"start":{"line":5,"column":21},"end":{"line":5,"column":38}},"3":{"start":{"line":7,"column":2},"end":{"line":62,"column":9}},"4":{"start":{"line":8,"column":28},"end":{"line":8,"column":58}},"5":{"start":{"line":9,"column":29},"end":{"line":9,"column":60}},"6":{"start":{"line":11,"column":23},"end":{"line":11,"column":46}},"7":{"start":{"line":12,"column":24},"end":{"line":12,"column":48}},"8":{"start":{"line":14,"column":17},"end":{"line":56,"column":8}},"9":{"start":{"line":15,"column":6},"end":{"line":20,"column":7}},"10":{"start":{"line":16,"column":8},"end":{"line":19,"column":10}},"11":{"start":{"line":22,"column":6},"end":{"line":27,"column":7}},"12":{"start":{"line":23,"column":8},"end":{"line":26,"column":10}},"13":{"start":{"line":29,"column":6},"end":{"line":49,"column":7}},"14":{"start":{"line":30,"column":31},"end":{"line":30,"column":65}},"15":{"start":{"line":32,"column":8},"end":{"line":37,"column":9}},"16":{"start":{"line":33,"column":10},"end":{"line":36,"column":12}},"17":{"start":{"line":39,"column":35},"end":{"line":39,"column":62}},"18":{"start":{"line":40,"column":35},"end":{"line":40,"column":63}},"19":{"start":{"line":41,"column":37},"end":{"line":41,"column":77}},"20":{"start":{"line":43,"column":8},"end":{"line":48,"column":9}},"21":{"start":{"line":44,"column":10},"end":{"line":47,"column":12}},"22":{"start":{"line":51,"column":6},"end":{"line":55,"column":8}},"23":{"start":{"line":58,"column":4},"end":{"line":61,"column":6}}},"fnMap":{"0":{"name":"(anonymous_0)","decl":{"start":{"line":3,"column":18},"end":{"line":3,"column":19}},"loc":{"start":{"line":3,"column":55},"end":{"line":63,"column":1}},"line":3},"1":{"name":"(anonymous_1)","decl":{"start":{"line":7,"column":27},"end":{"line":7,"column":28}},"loc":{"start":{"line":7,"column":48},"end":{"line":62,"column":3}},"line":7},"2":{"name":"(anonymous_2)","decl":{"start":{"line":14,"column":18},"end":{"line":14,"column":19}},"loc":{"start":{"line":14,"column":24},"end":{"line":56,"column":5}},"line":14}},"branchMap":{"0":{"loc":{"start":{"line":15,"column":6},"end":{"line":20,"column":7}},"type":"if","locations":[{"start":{"line":15,"column":6},"end":{"line":20,"column":7}},{"start":{},"end":{}}],"line":15},"1":{"loc":{"start":{"line":15,"column":10},"end":{"line":15,"column":46}},"type":"binary-expr","locations":[{"start":{"line":15,"column":10},"end":{"line":15,"column":25}},{"start":{"line":15,"column":29},"end":{"line":15,"column":46}}],"line":15},"2":{"loc":{"start":{"line":22,"column":6},"end":{"line":27,"column":7}},"type":"if","locations":[{"start":{"line":22,"column":6},"end":{"line":27,"column":7}},{"start":{},"end":{}}],"line":22},"3":{"loc":{"start":{"line":22,"column":10},"end":{"line":22,"column":46}},"type":"binary-expr","locations":[{"start":{"line":22,"column":10},"end":{"line":22,"column":26}},{"start":{"line":22,"column":30},"end":{"line":22,"column":46}}],"line":22},"4":{"loc":{"start":{"line":29,"column":6},"end":{"line":49,"column":7}},"type":"if","locations":[{"start":{"line":29,"column":6},"end":{"line":49,"column":7}},{"start":{},"end":{}}],"line":29},"5":{"loc":{"start":{"line":29,"column":10},"end":{"line":29,"column":45}},"type":"binary-expr","locations":[{"start":{"line":29,"column":10},"end":{"line":29,"column":25}},{"start":{"line":29,"column":29},"end":{"line":29,"column":45}}],"line":29},"6":{"loc":{"start":{"line":32,"column":8},"end":{"line":37,"column":9}},"type":"if","locations":[{"start":{"line":32,"column":8},"end":{"line":37,"column":9}},{"start":{},"end":{}}],"line":32},"7":{"loc":{"start":{"line":41,"column":37},"end":{"line":41,"column":77}},"type":"binary-expr","locations":[{"start":{"line":41,"column":37},"end":{"line":41,"column":55}},{"start":{"line":41,"column":59},"end":{"line":41,"column":77}}],"line":41},"8":{"loc":{"start":{"line":43,"column":8},"end":{"line":48,"column":9}},"type":"if","locations":[{"start":{"line":43,"column":8},"end":{"line":48,"column":9}},{"start":{},"end":{}}],"line":43}},"s":{"0":1,"1":30,"2":30,"3":30,"4":108,"5":108,"6":108,"7":108,"8":108,"9":108,"10":12,"11":96,"12":30,"13":66,"14":66,"15":66,"16":18,"17":48,"18":48,"19":48,"20":48,"21":24,"22":24,"23":108},"f":{"0":30,"1":108,"2":108},"b":{"0":[12,96],"1":[108,78],"2":[30,66],"3":[96,30],"4":[66,0],"5":[66,66],"6":[18,48],"7":[48,30],"8":[24,24]},"_coverageSchema":"1a1c01bbd47fc00a2c39e90264f33305004495a9","hash":"ecbd5d2f966ec3321c3a16030d3637ed91543e86"}
,"/Users/igor_s/Documents/projects/frontend-project-lvl2/src/formatters/index.js": {"path":"/Users/igor_s/Documents/projects/frontend-project-lvl2/src/formatters/index.js","statementMap":{"0":{"start":{"line":4,"column":19},"end":{"line":15,"column":1}},"1":{"start":{"line":5,"column":2},"end":{"line":14,"column":3}},"2":{"start":{"line":7,"column":6},"end":{"line":7,"column":27}},"3":{"start":{"line":9,"column":6},"end":{"line":9,"column":25}},"4":{"start":{"line":11,"column":6},"end":{"line":11,"column":43}},"5":{"start":{"line":13,"column":6},"end":{"line":13,"column":67}}},"fnMap":{"0":{"name":"(anonymous_0)","decl":{"start":{"line":4,"column":19},"end":{"line":4,"column":20}},"loc":{"start":{"line":4,"column":44},"end":{"line":15,"column":1}},"line":4}},"branchMap":{"0":{"loc":{"start":{"line":5,"column":2},"end":{"line":14,"column":3}},"type":"switch","locations":[{"start":{"line":6,"column":4},"end":{"line":7,"column":27}},{"start":{"line":8,"column":4},"end":{"line":9,"column":25}},{"start":{"line":10,"column":4},"end":{"line":11,"column":43}},{"start":{"line":12,"column":4},"end":{"line":13,"column":67}}],"line":5}},"s":{"0":1,"1":6,"2":2,"3":2,"4":2,"5":0},"f":{"0":6},"b":{"0":[2,2,2,0]},"_coverageSchema":"1a1c01bbd47fc00a2c39e90264f33305004495a9","hash":"2d29d21923009cd82def059527ce2e0f208430ea"}
,"/Users/igor_s/Documents/projects/frontend-project-lvl2/src/formatters/plain.js": {"path":"/Users/igor_s/Documents/projects/frontend-project-lvl2/src/formatters/plain.js","statementMap":{"0":{"start":{"line":1,"column":30},"end":{"line":16,"column":1}},"1":{"start":{"line":2,"column":20},"end":{"line":2,"column":32}},"2":{"start":{"line":4,"column":2},"end":{"line":6,"column":3}},"3":{"start":{"line":5,"column":4},"end":{"line":5,"column":18}},"4":{"start":{"line":8,"column":2},"end":{"line":15,"column":3}},"5":{"start":{"line":10,"column":6},"end":{"line":10,"column":26}},"6":{"start":{"line":12,"column":6},"end":{"line":12,"column":31}},"7":{"start":{"line":14,"column":6},"end":{"line":14,"column":24}},"8":{"start":{"line":18,"column":14},"end":{"line":54,"column":1}},"9":{"start":{"line":20,"column":4},"end":{"line":50,"column":13}},"10":{"start":{"line":27,"column":12},"end":{"line":27,"column":21}},"11":{"start":{"line":29,"column":25},"end":{"line":29,"column":40}},"12":{"start":{"line":31,"column":8},"end":{"line":49,"column":9}},"13":{"start":{"line":33,"column":12},"end":{"line":33,"column":67}},"14":{"start":{"line":36,"column":12},"end":{"line":38,"column":13}},"15":{"start":{"line":37,"column":14},"end":{"line":37,"column":28}},"16":{"start":{"line":40,"column":12},"end":{"line":41,"column":54}},"17":{"start":{"line":43,"column":12},"end":{"line":43,"column":72}},"18":{"start":{"line":45,"column":12},"end":{"line":46,"column":93}},"19":{"start":{"line":48,"column":12},"end":{"line":48,"column":52}},"20":{"start":{"line":53,"column":2},"end":{"line":53,"column":41}}},"fnMap":{"0":{"name":"(anonymous_0)","decl":{"start":{"line":1,"column":30},"end":{"line":1,"column":31}},"loc":{"start":{"line":1,"column":41},"end":{"line":16,"column":1}},"line":1},"1":{"name":"(anonymous_1)","decl":{"start":{"line":18,"column":14},"end":{"line":18,"column":15}},"loc":{"start":{"line":18,"column":24},"end":{"line":54,"column":1}},"line":18},"2":{"name":"formatDeeper","decl":{"start":{"line":19,"column":11},"end":{"line":19,"column":23}},"loc":{"start":{"line":19,"column":41},"end":{"line":51,"column":3}},"line":19},"3":{"name":"(anonymous_3)","decl":{"start":{"line":21,"column":14},"end":{"line":21,"column":15}},"loc":{"start":{"line":21,"column":31},"end":{"line":50,"column":7}},"line":21}},"branchMap":{"0":{"loc":{"start":{"line":4,"column":2},"end":{"line":6,"column":3}},"type":"if","locations":[{"start":{"line":4,"column":2},"end":{"line":6,"column":3}},{"start":{},"end":{}}],"line":4},"1":{"loc":{"start":{"line":8,"column":2},"end":{"line":15,"column":3}},"type":"switch","locations":[{"start":{"line":9,"column":4},"end":{"line":10,"column":26}},{"start":{"line":11,"column":4},"end":{"line":12,"column":31}},{"start":{"line":13,"column":4},"end":{"line":14,"column":24}}],"line":8},"2":{"loc":{"start":{"line":19,"column":30},"end":{"line":19,"column":39}},"type":"default-arg","locations":[{"start":{"line":19,"column":37},"end":{"line":19,"column":39}}],"line":19},"3":{"loc":{"start":{"line":31,"column":8},"end":{"line":49,"column":9}},"type":"switch","locations":[{"start":{"line":32,"column":10},"end":{"line":33,"column":67}},{"start":{"line":34,"column":10},"end":{"line":34,"column":32}},{"start":{"line":35,"column":10},"end":{"line":41,"column":54}},{"start":{"line":42,"column":10},"end":{"line":43,"column":72}},{"start":{"line":44,"column":10},"end":{"line":46,"column":93}},{"start":{"line":47,"column":10},"end":{"line":48,"column":52}}],"line":31},"4":{"loc":{"start":{"line":36,"column":12},"end":{"line":38,"column":13}},"type":"if","locations":[{"start":{"line":36,"column":12},"end":{"line":38,"column":13}},{"start":{},"end":{}}],"line":36}},"s":{"0":1,"1":26,"2":26,"3":0,"4":26,"5":14,"6":8,"7":4,"8":1,"9":10,"10":36,"11":36,"12":36,"13":4,"14":16,"15":6,"16":10,"17":8,"18":8,"19":0,"20":2},"f":{"0":26,"1":2,"2":10,"3":36},"b":{"0":[0,26],"1":[14,8,4],"2":[2],"3":[4,10,16,8,8,0],"4":[6,10]},"_coverageSchema":"1a1c01bbd47fc00a2c39e90264f33305004495a9","hash":"5ef939ef29f0eb40229f2eb716ea3d3ab532f773"}
,"/Users/igor_s/Documents/projects/frontend-project-lvl2/src/formatters/stylish.js": {"path":"/Users/igor_s/Documents/projects/frontend-project-lvl2/src/formatters/stylish.js","statementMap":{"0":{"start":{"line":3,"column":16},"end":{"line":70,"column":1}},"1":{"start":{"line":4,"column":23},"end":{"line":67,"column":3}},"2":{"start":{"line":5,"column":22},"end":{"line":24,"column":5}},"3":{"start":{"line":6,"column":6},"end":{"line":21,"column":7}},"4":{"start":{"line":7,"column":26},"end":{"line":7,"column":44}},"5":{"start":{"line":8,"column":26},"end":{"line":18,"column":14}},"6":{"start":{"line":9,"column":25},"end":{"line":15,"column":11}},"7":{"start":{"line":17,"column":10},"end":{"line":17,"column":24}},"8":{"start":{"line":20,"column":8},"end":{"line":20,"column":50}},"9":{"start":{"line":23,"column":6},"end":{"line":23,"column":24}},"10":{"start":{"line":26,"column":4},"end":{"line":66,"column":17}},"11":{"start":{"line":34,"column":14},"end":{"line":34,"column":27}},"12":{"start":{"line":36,"column":25},"end":{"line":36,"column":45}},"13":{"start":{"line":37,"column":37},"end":{"line":37,"column":56}},"14":{"start":{"line":39,"column":10},"end":{"line":53,"column":11}},"15":{"start":{"line":41,"column":14},"end":{"line":41,"column":85}},"16":{"start":{"line":43,"column":14},"end":{"line":43,"column":86}},"17":{"start":{"line":45,"column":14},"end":{"line":45,"column":83}},"18":{"start":{"line":47,"column":14},"end":{"line":47,"column":71}},"19":{"start":{"line":49,"column":14},"end":{"line":50,"column":86}},"20":{"start":{"line":52,"column":14},"end":{"line":52,"column":54}},"21":{"start":{"line":56,"column":33},"end":{"line":56,"column":67}},"22":{"start":{"line":57,"column":27},"end":{"line":57,"column":61}},"23":{"start":{"line":59,"column":8},"end":{"line":63,"column":9}},"24":{"start":{"line":60,"column":33},"end":{"line":60,"column":57}},"25":{"start":{"line":62,"column":10},"end":{"line":62,"column":78}},"26":{"start":{"line":65,"column":8},"end":{"line":65,"column":59}},"27":{"start":{"line":69,"column":2},"end":{"line":69,"column":28}}},"fnMap":{"0":{"name":"(anonymous_0)","decl":{"start":{"line":3,"column":16},"end":{"line":3,"column":17}},"loc":{"start":{"line":3,"column":26},"end":{"line":70,"column":1}},"line":3},"1":{"name":"(anonymous_1)","decl":{"start":{"line":4,"column":23},"end":{"line":4,"column":24}},"loc":{"start":{"line":4,"column":44},"end":{"line":67,"column":3}},"line":4},"2":{"name":"(anonymous_2)","decl":{"start":{"line":5,"column":22},"end":{"line":5,"column":23}},"loc":{"start":{"line":5,"column":33},"end":{"line":24,"column":5}},"line":5},"3":{"name":"(anonymous_3)","decl":{"start":{"line":8,"column":43},"end":{"line":8,"column":44}},"loc":{"start":{"line":8,"column":57},"end":{"line":18,"column":9}},"line":8},"4":{"name":"(anonymous_4)","decl":{"start":{"line":27,"column":14},"end":{"line":27,"column":15}},"loc":{"start":{"line":27,"column":57},"end":{"line":66,"column":7}},"line":27},"5":{"name":"getDiffStrByType","decl":{"start":{"line":28,"column":17},"end":{"line":28,"column":33}},"loc":{"start":{"line":28,"column":36},"end":{"line":54,"column":9}},"line":28}},"branchMap":{"0":{"loc":{"start":{"line":4,"column":30},"end":{"line":4,"column":39}},"type":"default-arg","locations":[{"start":{"line":4,"column":38},"end":{"line":4,"column":39}}],"line":4},"1":{"loc":{"start":{"line":6,"column":6},"end":{"line":21,"column":7}},"type":"if","locations":[{"start":{"line":6,"column":6},"end":{"line":21,"column":7}},{"start":{},"end":{}}],"line":6},"2":{"loc":{"start":{"line":39,"column":10},"end":{"line":53,"column":11}},"type":"switch","locations":[{"start":{"line":40,"column":12},"end":{"line":41,"column":85}},{"start":{"line":42,"column":12},"end":{"line":43,"column":86}},{"start":{"line":44,"column":12},"end":{"line":45,"column":83}},{"start":{"line":46,"column":12},"end":{"line":47,"column":71}},{"start":{"line":48,"column":12},"end":{"line":50,"column":86}},{"start":{"line":51,"column":12},"end":{"line":52,"column":54}}],"line":39},"3":{"loc":{"start":{"line":59,"column":8},"end":{"line":63,"column":9}},"type":"if","locations":[{"start":{"line":59,"column":8},"end":{"line":63,"column":9}},{"start":{},"end":{}}],"line":59}},"s":{"0":1,"1":2,"2":26,"3":56,"4":16,"5":16,"6":20,"7":20,"8":16,"9":40,"10":26,"11":56,"12":56,"13":56,"14":56,"15":4,"16":10,"17":8,"18":26,"19":8,"20":0,"21":56,"22":56,"23":56,"24":26,"25":26,"26":30,"27":2},"f":{"0":2,"1":26,"2":56,"3":20,"4":56,"5":56},"b":{"0":[2],"1":[16,40],"2":[4,10,8,26,8,0],"3":[26,30]},"_coverageSchema":"1a1c01bbd47fc00a2c39e90264f33305004495a9","hash":"5eca7bd9d06570089ea5deac1d0e0a85c57e2ea2"}
}
