{"/Users/igor_s/Documents/projects/frontend-project-lvl2/src/treeBuilder.js": {"path":"/Users/igor_s/Documents/projects/frontend-project-lvl2/src/treeBuilder.js","statementMap":{"0":{"start":{"line":4,"column":18},"end":{"line":4,"column":86}},"1":{"start":{"line":5,"column":21},"end":{"line":5,"column":38}},"2":{"start":{"line":7,"column":2},"end":{"line":62,"column":9}},"3":{"start":{"line":8,"column":28},"end":{"line":8,"column":58}},"4":{"start":{"line":9,"column":29},"end":{"line":9,"column":60}},"5":{"start":{"line":11,"column":23},"end":{"line":11,"column":46}},"6":{"start":{"line":12,"column":24},"end":{"line":12,"column":48}},"7":{"start":{"line":14,"column":17},"end":{"line":56,"column":8}},"8":{"start":{"line":15,"column":6},"end":{"line":20,"column":7}},"9":{"start":{"line":16,"column":8},"end":{"line":19,"column":10}},"10":{"start":{"line":22,"column":6},"end":{"line":27,"column":7}},"11":{"start":{"line":23,"column":8},"end":{"line":26,"column":10}},"12":{"start":{"line":29,"column":6},"end":{"line":49,"column":7}},"13":{"start":{"line":30,"column":31},"end":{"line":30,"column":65}},"14":{"start":{"line":32,"column":8},"end":{"line":37,"column":9}},"15":{"start":{"line":33,"column":10},"end":{"line":36,"column":12}},"16":{"start":{"line":39,"column":35},"end":{"line":39,"column":62}},"17":{"start":{"line":40,"column":35},"end":{"line":40,"column":63}},"18":{"start":{"line":41,"column":37},"end":{"line":41,"column":77}},"19":{"start":{"line":43,"column":8},"end":{"line":48,"column":9}},"20":{"start":{"line":44,"column":10},"end":{"line":47,"column":12}},"21":{"start":{"line":51,"column":6},"end":{"line":55,"column":8}},"22":{"start":{"line":58,"column":4},"end":{"line":61,"column":6}}},"fnMap":{"0":{"name":"buildTree","decl":{"start":{"line":3,"column":24},"end":{"line":3,"column":33}},"loc":{"start":{"line":3,"column":67},"end":{"line":63,"column":1}},"line":3},"1":{"name":"(anonymous_1)","decl":{"start":{"line":7,"column":27},"end":{"line":7,"column":28}},"loc":{"start":{"line":7,"column":48},"end":{"line":62,"column":3}},"line":7},"2":{"name":"(anonymous_2)","decl":{"start":{"line":14,"column":18},"end":{"line":14,"column":19}},"loc":{"start":{"line":14,"column":24},"end":{"line":56,"column":5}},"line":14}},"branchMap":{"0":{"loc":{"start":{"line":15,"column":6},"end":{"line":20,"column":7}},"type":"if","locations":[{"start":{"line":15,"column":6},"end":{"line":20,"column":7}},{"start":{},"end":{}}],"line":15},"1":{"loc":{"start":{"line":15,"column":10},"end":{"line":15,"column":46}},"type":"binary-expr","locations":[{"start":{"line":15,"column":10},"end":{"line":15,"column":25}},{"start":{"line":15,"column":29},"end":{"line":15,"column":46}}],"line":15},"2":{"loc":{"start":{"line":22,"column":6},"end":{"line":27,"column":7}},"type":"if","locations":[{"start":{"line":22,"column":6},"end":{"line":27,"column":7}},{"start":{},"end":{}}],"line":22},"3":{"loc":{"start":{"line":22,"column":10},"end":{"line":22,"column":46}},"type":"binary-expr","locations":[{"start":{"line":22,"column":10},"end":{"line":22,"column":26}},{"start":{"line":22,"column":30},"end":{"line":22,"column":46}}],"line":22},"4":{"loc":{"start":{"line":29,"column":6},"end":{"line":49,"column":7}},"type":"if","locations":[{"start":{"line":29,"column":6},"end":{"line":49,"column":7}},{"start":{},"end":{}}],"line":29},"5":{"loc":{"start":{"line":29,"column":10},"end":{"line":29,"column":45}},"type":"binary-expr","locations":[{"start":{"line":29,"column":10},"end":{"line":29,"column":25}},{"start":{"line":29,"column":29},"end":{"line":29,"column":45}}],"line":29},"6":{"loc":{"start":{"line":32,"column":8},"end":{"line":37,"column":9}},"type":"if","locations":[{"start":{"line":32,"column":8},"end":{"line":37,"column":9}},{"start":{},"end":{}}],"line":32},"7":{"loc":{"start":{"line":41,"column":37},"end":{"line":41,"column":77}},"type":"binary-expr","locations":[{"start":{"line":41,"column":37},"end":{"line":41,"column":55}},{"start":{"line":41,"column":59},"end":{"line":41,"column":77}}],"line":41},"8":{"loc":{"start":{"line":43,"column":8},"end":{"line":48,"column":9}},"type":"if","locations":[{"start":{"line":43,"column":8},"end":{"line":48,"column":9}},{"start":{},"end":{}}],"line":43}},"s":{"0":6,"1":6,"2":6,"3":7,"4":7,"5":7,"6":7,"7":7,"8":7,"9":2,"10":5,"11":2,"12":3,"13":3,"14":3,"15":1,"16":2,"17":2,"18":2,"19":2,"20":1,"21":1,"22":7},"f":{"0":6,"1":7,"2":7},"b":{"0":[2,5],"1":[7,5],"2":[2,3],"3":[5,2],"4":[3,0],"5":[3,3],"6":[1,2],"7":[2,1],"8":[1,1]},"_coverageSchema":"1a1c01bbd47fc00a2c39e90264f33305004495a9","hash":"b71c2f25b39e2ee8f600f30f7a12464ec1abfce3"}
,"/Users/igor_s/Documents/projects/frontend-project-lvl2/src/formatters/plain.js": {"path":"/Users/igor_s/Documents/projects/frontend-project-lvl2/src/formatters/plain.js","statementMap":{"0":{"start":{"line":2,"column":20},"end":{"line":2,"column":32}},"1":{"start":{"line":4,"column":2},"end":{"line":6,"column":3}},"2":{"start":{"line":5,"column":4},"end":{"line":5,"column":18}},"3":{"start":{"line":8,"column":2},"end":{"line":15,"column":3}},"4":{"start":{"line":10,"column":6},"end":{"line":10,"column":26}},"5":{"start":{"line":12,"column":6},"end":{"line":12,"column":31}},"6":{"start":{"line":14,"column":6},"end":{"line":14,"column":24}},"7":{"start":{"line":20,"column":4},"end":{"line":50,"column":13}},"8":{"start":{"line":27,"column":12},"end":{"line":27,"column":21}},"9":{"start":{"line":29,"column":25},"end":{"line":29,"column":40}},"10":{"start":{"line":31,"column":8},"end":{"line":49,"column":9}},"11":{"start":{"line":33,"column":12},"end":{"line":33,"column":67}},"12":{"start":{"line":36,"column":12},"end":{"line":38,"column":13}},"13":{"start":{"line":37,"column":14},"end":{"line":37,"column":28}},"14":{"start":{"line":40,"column":12},"end":{"line":41,"column":50}},"15":{"start":{"line":43,"column":12},"end":{"line":43,"column":72}},"16":{"start":{"line":45,"column":12},"end":{"line":46,"column":85}},"17":{"start":{"line":48,"column":12},"end":{"line":48,"column":52}},"18":{"start":{"line":53,"column":2},"end":{"line":53,"column":41}}},"fnMap":{"0":{"name":"printValue","decl":{"start":{"line":1,"column":16},"end":{"line":1,"column":26}},"loc":{"start":{"line":1,"column":34},"end":{"line":16,"column":1}},"line":1},"1":{"name":"plain","decl":{"start":{"line":18,"column":24},"end":{"line":18,"column":29}},"loc":{"start":{"line":18,"column":36},"end":{"line":54,"column":1}},"line":18},"2":{"name":"formatDeeper","decl":{"start":{"line":19,"column":11},"end":{"line":19,"column":23}},"loc":{"start":{"line":19,"column":41},"end":{"line":51,"column":3}},"line":19},"3":{"name":"(anonymous_3)","decl":{"start":{"line":21,"column":14},"end":{"line":21,"column":15}},"loc":{"start":{"line":21,"column":31},"end":{"line":50,"column":7}},"line":21}},"branchMap":{"0":{"loc":{"start":{"line":4,"column":2},"end":{"line":6,"column":3}},"type":"if","locations":[{"start":{"line":4,"column":2},"end":{"line":6,"column":3}},{"start":{},"end":{}}],"line":4},"1":{"loc":{"start":{"line":8,"column":2},"end":{"line":15,"column":3}},"type":"switch","locations":[{"start":{"line":9,"column":4},"end":{"line":10,"column":26}},{"start":{"line":11,"column":4},"end":{"line":12,"column":31}},{"start":{"line":13,"column":4},"end":{"line":14,"column":24}}],"line":8},"2":{"loc":{"start":{"line":19,"column":30},"end":{"line":19,"column":39}},"type":"default-arg","locations":[{"start":{"line":19,"column":37},"end":{"line":19,"column":39}}],"line":19},"3":{"loc":{"start":{"line":31,"column":8},"end":{"line":49,"column":9}},"type":"switch","locations":[{"start":{"line":32,"column":10},"end":{"line":33,"column":67}},{"start":{"line":34,"column":10},"end":{"line":34,"column":32}},{"start":{"line":35,"column":10},"end":{"line":41,"column":50}},{"start":{"line":42,"column":10},"end":{"line":43,"column":72}},{"start":{"line":44,"column":10},"end":{"line":46,"column":85}},{"start":{"line":47,"column":10},"end":{"line":48,"column":52}}],"line":31},"4":{"loc":{"start":{"line":36,"column":12},"end":{"line":38,"column":13}},"type":"if","locations":[{"start":{"line":36,"column":12},"end":{"line":38,"column":13}},{"start":{},"end":{}}],"line":36}},"s":{"0":8,"1":8,"2":1,"3":7,"4":5,"5":1,"6":1,"7":8,"8":8,"9":8,"10":8,"11":2,"12":3,"13":1,"14":2,"15":1,"16":1,"17":1,"18":7},"f":{"0":8,"1":7,"2":8,"3":8},"b":{"0":[1,7],"1":[5,1,1],"2":[7],"3":[2,2,3,1,1,1],"4":[1,2]},"_coverageSchema":"1a1c01bbd47fc00a2c39e90264f33305004495a9","hash":"65dc2b75c036ec71d3936e5a4a15f518e7fd6393"}
,"/Users/igor_s/Documents/projects/frontend-project-lvl2/src/formatters/stylish.js": {"path":"/Users/igor_s/Documents/projects/frontend-project-lvl2/src/formatters/stylish.js","statementMap":{"0":{"start":{"line":6,"column":6},"end":{"line":21,"column":7}},"1":{"start":{"line":7,"column":26},"end":{"line":7,"column":44}},"2":{"start":{"line":8,"column":26},"end":{"line":18,"column":14}},"3":{"start":{"line":9,"column":25},"end":{"line":15,"column":11}},"4":{"start":{"line":17,"column":10},"end":{"line":17,"column":24}},"5":{"start":{"line":20,"column":8},"end":{"line":20,"column":50}},"6":{"start":{"line":23,"column":6},"end":{"line":23,"column":24}},"7":{"start":{"line":26,"column":4},"end":{"line":66,"column":17}},"8":{"start":{"line":34,"column":14},"end":{"line":34,"column":27}},"9":{"start":{"line":36,"column":25},"end":{"line":36,"column":45}},"10":{"start":{"line":37,"column":37},"end":{"line":37,"column":56}},"11":{"start":{"line":39,"column":10},"end":{"line":53,"column":11}},"12":{"start":{"line":41,"column":14},"end":{"line":41,"column":85}},"13":{"start":{"line":43,"column":14},"end":{"line":43,"column":86}},"14":{"start":{"line":45,"column":14},"end":{"line":45,"column":83}},"15":{"start":{"line":47,"column":14},"end":{"line":47,"column":71}},"16":{"start":{"line":49,"column":14},"end":{"line":50,"column":86}},"17":{"start":{"line":52,"column":14},"end":{"line":52,"column":54}},"18":{"start":{"line":56,"column":33},"end":{"line":56,"column":67}},"19":{"start":{"line":57,"column":27},"end":{"line":57,"column":61}},"20":{"start":{"line":59,"column":8},"end":{"line":63,"column":9}},"21":{"start":{"line":60,"column":33},"end":{"line":60,"column":57}},"22":{"start":{"line":62,"column":10},"end":{"line":62,"column":78}},"23":{"start":{"line":65,"column":8},"end":{"line":65,"column":59}},"24":{"start":{"line":69,"column":2},"end":{"line":69,"column":28}}},"fnMap":{"0":{"name":"stylish","decl":{"start":{"line":3,"column":24},"end":{"line":3,"column":31}},"loc":{"start":{"line":3,"column":38},"end":{"line":70,"column":1}},"line":3},"1":{"name":"formatDeeper","decl":{"start":{"line":4,"column":11},"end":{"line":4,"column":23}},"loc":{"start":{"line":4,"column":41},"end":{"line":67,"column":3}},"line":4},"2":{"name":"stringify","decl":{"start":{"line":5,"column":13},"end":{"line":5,"column":22}},"loc":{"start":{"line":5,"column":30},"end":{"line":24,"column":5}},"line":5},"3":{"name":"(anonymous_3)","decl":{"start":{"line":8,"column":43},"end":{"line":8,"column":44}},"loc":{"start":{"line":8,"column":57},"end":{"line":18,"column":9}},"line":8},"4":{"name":"(anonymous_4)","decl":{"start":{"line":27,"column":14},"end":{"line":27,"column":15}},"loc":{"start":{"line":27,"column":57},"end":{"line":66,"column":7}},"line":27},"5":{"name":"getDiffStrByType","decl":{"start":{"line":28,"column":17},"end":{"line":28,"column":33}},"loc":{"start":{"line":28,"column":36},"end":{"line":54,"column":9}},"line":28}},"branchMap":{"0":{"loc":{"start":{"line":4,"column":30},"end":{"line":4,"column":39}},"type":"default-arg","locations":[{"start":{"line":4,"column":38},"end":{"line":4,"column":39}}],"line":4},"1":{"loc":{"start":{"line":6,"column":6},"end":{"line":21,"column":7}},"type":"if","locations":[{"start":{"line":6,"column":6},"end":{"line":21,"column":7}},{"start":{},"end":{}}],"line":6},"2":{"loc":{"start":{"line":39,"column":10},"end":{"line":53,"column":11}},"type":"switch","locations":[{"start":{"line":40,"column":12},"end":{"line":41,"column":85}},{"start":{"line":42,"column":12},"end":{"line":43,"column":86}},{"start":{"line":44,"column":12},"end":{"line":45,"column":83}},{"start":{"line":46,"column":12},"end":{"line":47,"column":71}},{"start":{"line":48,"column":12},"end":{"line":50,"column":86}},{"start":{"line":51,"column":12},"end":{"line":52,"column":54}}],"line":39},"3":{"loc":{"start":{"line":59,"column":8},"end":{"line":63,"column":9}},"type":"if","locations":[{"start":{"line":59,"column":8},"end":{"line":63,"column":9}},{"start":{},"end":{}}],"line":59}},"s":{"0":9,"1":1,"2":1,"3":2,"4":2,"5":1,"6":8,"7":9,"8":10,"9":10,"10":10,"11":10,"12":3,"13":1,"14":1,"15":3,"16":1,"17":1,"18":10,"19":10,"20":10,"21":9,"22":9,"23":1,"24":7},"f":{"0":7,"1":9,"2":9,"3":2,"4":10,"5":10},"b":{"0":[7],"1":[1,8],"2":[3,1,1,3,1,1],"3":[9,1]},"_coverageSchema":"1a1c01bbd47fc00a2c39e90264f33305004495a9","hash":"d8035358dac2417a7aa07e224a7da68d3c6dc531"}
}
