TN:
SF:src/treeBuilder.js
FN:3,buildTree
FN:7,(anonymous_1)
FN:14,(anonymous_2)
FNF:3
FNH:3
FNDA:6,buildTree
FNDA:7,(anonymous_1)
FNDA:7,(anonymous_2)
DA:4,6
DA:5,6
DA:7,6
DA:8,7
DA:9,7
DA:11,7
DA:12,7
DA:14,7
DA:15,7
DA:16,2
DA:22,5
DA:23,2
DA:29,3
DA:30,3
DA:32,3
DA:33,1
DA:39,2
DA:40,2
DA:41,2
DA:43,2
DA:44,1
DA:51,1
DA:58,7
LF:23
LH:23
BRDA:15,0,0,2
BRDA:15,0,1,5
BRDA:15,1,0,7
BRDA:15,1,1,5
BRDA:22,2,0,2
BRDA:22,2,1,3
BRDA:22,3,0,5
BRDA:22,3,1,2
BRDA:29,4,0,3
BRDA:29,4,1,0
BRDA:29,5,0,3
BRDA:29,5,1,3
BRDA:32,6,0,1
BRDA:32,6,1,2
BRDA:41,7,0,2
BRDA:41,7,1,1
BRDA:43,8,0,1
BRDA:43,8,1,1
BRF:18
BRH:17
end_of_record
TN:
SF:src/formatters/plain.js
FN:1,printValue
FN:18,plain
FN:19,formatDeeper
FN:21,(anonymous_3)
FNF:4
FNH:4
FNDA:8,printValue
FNDA:7,plain
FNDA:8,formatDeeper
FNDA:8,(anonymous_3)
DA:2,8
DA:4,8
DA:5,1
DA:8,7
DA:10,5
DA:12,1
DA:14,1
DA:20,8
DA:27,8
DA:29,8
DA:31,8
DA:33,2
DA:36,3
DA:37,1
DA:40,2
DA:43,1
DA:45,1
DA:48,1
DA:53,7
LF:19
LH:19
BRDA:4,0,0,1
BRDA:4,0,1,7
BRDA:8,1,0,5
BRDA:8,1,1,1
BRDA:8,1,2,1
BRDA:19,2,0,7
BRDA:31,3,0,2
BRDA:31,3,1,2
BRDA:31,3,2,3
BRDA:31,3,3,1
BRDA:31,3,4,1
BRDA:31,3,5,1
BRDA:36,4,0,1
BRDA:36,4,1,2
BRF:14
BRH:14
end_of_record
TN:
SF:src/formatters/stylish.js
FN:3,stylish
FN:4,formatDeeper
FN:5,stringify
FN:8,(anonymous_3)
FN:27,(anonymous_4)
FN:28,getDiffStrByType
FNF:6
FNH:6
FNDA:7,stylish
FNDA:9,formatDeeper
FNDA:9,stringify
FNDA:2,(anonymous_3)
FNDA:10,(anonymous_4)
FNDA:10,getDiffStrByType
DA:6,9
DA:7,1
DA:8,1
DA:9,2
DA:17,2
DA:20,1
DA:23,8
DA:26,9
DA:34,10
DA:36,10
DA:37,10
DA:39,10
DA:41,3
DA:43,1
DA:45,1
DA:47,3
DA:49,1
DA:52,1
DA:56,10
DA:57,10
DA:59,10
DA:60,9
DA:62,9
DA:65,1
DA:69,7
LF:25
LH:25
BRDA:4,0,0,7
BRDA:6,1,0,1
BRDA:6,1,1,8
BRDA:39,2,0,3
BRDA:39,2,1,1
BRDA:39,2,2,1
BRDA:39,2,3,3
BRDA:39,2,4,1
BRDA:39,2,5,1
BRDA:59,3,0,9
BRDA:59,3,1,1
BRF:11
BRH:11
end_of_record
