TN:
SF:src/treeBuilder.js
FN:3,buildTree
FN:6,(anonymous_1)
FN:13,(anonymous_2)
FNF:3
FNH:3
FNDA:4,buildTree
FNDA:4,(anonymous_1)
FNDA:4,(anonymous_2)
DA:4,4
DA:6,4
DA:7,4
DA:8,4
DA:10,4
DA:11,4
DA:13,4
DA:14,4
DA:15,1
DA:21,3
DA:22,1
DA:28,2
DA:29,2
DA:31,2
DA:32,1
DA:38,1
DA:40,1
DA:41,0
DA:48,1
DA:55,4
LF:20
LH:19
BRDA:14,0,0,1
BRDA:14,0,1,3
BRDA:14,1,0,4
BRDA:14,1,1,3
BRDA:21,2,0,1
BRDA:21,2,1,2
BRDA:21,3,0,3
BRDA:21,3,1,1
BRDA:28,4,0,2
BRDA:28,4,1,0
BRDA:28,5,0,2
BRDA:28,5,1,2
BRDA:31,6,0,1
BRDA:31,6,1,1
BRDA:38,7,0,1
BRDA:38,7,1,0
BRDA:40,8,0,0
BRDA:40,8,1,1
BRF:18
BRH:15
end_of_record
